Using pre-set license
Built from '2022.3/staging' branch; Version is '2022.3.4f1 (35713cd46cd7) revision 3502396'; Using compiler version '192829333'; Build Type 'Release'
OS: 'Windows 10  (10.0.19045) 64bit Enterprise' Language: 'tr' Physical Memory: 16252 MB
BatchMode: 1, IsHumanControllingUs: 0, StartBugReporterOnCrash: 0, Is64bit: 1, IsPro: 1

COMMAND LINE ARGUMENTS:
C:\Program Files\Unity\Hub\Editor\2022.3.4f1\Editor\Unity.exe
-adb2
-batchMode
-noUpm
-name
AssetImportWorker2
-projectPath
C:/GameProject
-logFile
Logs/AssetImportWorker2.log
-srvPort
62115
Successfully changed project path to: C:/GameProject
C:/GameProject
[UnityMemory] Configuration Parameters - Can be set up in boot.config
    "memorysetup-bucket-allocator-granularity=16"
    "memorysetup-bucket-allocator-bucket-count=8"
    "memorysetup-bucket-allocator-block-size=33554432"
    "memorysetup-bucket-allocator-block-count=8"
    "memorysetup-main-allocator-block-size=16777216"
    "memorysetup-thread-allocator-block-size=16777216"
    "memorysetup-gfx-main-allocator-block-size=16777216"
    "memorysetup-gfx-thread-allocator-block-size=16777216"
    "memorysetup-cache-allocator-block-size=4194304"
    "memorysetup-typetree-allocator-block-size=2097152"
    "memorysetup-profiler-bucket-allocator-granularity=16"
    "memorysetup-profiler-bucket-allocator-bucket-count=8"
    "memorysetup-profiler-bucket-allocator-block-size=33554432"
    "memorysetup-profiler-bucket-allocator-block-count=8"
    "memorysetup-profiler-allocator-block-size=16777216"
    "memorysetup-profiler-editor-allocator-block-size=1048576"
    "memorysetup-temp-allocator-size-main=16777216"
    "memorysetup-job-temp-allocator-block-size=2097152"
    "memorysetup-job-temp-allocator-block-size-background=1048576"
    "memorysetup-job-temp-allocator-reduction-small-platforms=262144"
    "memorysetup-allocator-temp-initial-block-size-main=262144"
    "memorysetup-allocator-temp-initial-block-size-worker=262144"
    "memorysetup-temp-allocator-size-background-worker=32768"
    "memorysetup-temp-allocator-size-job-worker=262144"
    "memorysetup-temp-allocator-size-preload-manager=33554432"
    "memorysetup-temp-allocator-size-nav-mesh-worker=65536"
    "memorysetup-temp-allocator-size-audio-worker=65536"
    "memorysetup-temp-allocator-size-cloud-worker=32768"
    "memorysetup-temp-allocator-size-gi-baking-worker=262144"
    "memorysetup-temp-allocator-size-gfx=262144"
Player connection [20952] Host "[IP] 192.168.159.1 [Port] 0 [Flags] 2 [Guid] 3984899568 [EditorId] 3984899568 [Version] 1048832 [Id] WindowsEditor(7,DESKTOP-D3H5I89) [Debug] 1 [PackageName] WindowsEditor [ProjectName] Editor" joined multi-casting on [225.0.0.222:54997]...

Player connection [20952] Host "[IP] 192.168.159.1 [Port] 0 [Flags] 2 [Guid] 3984899568 [EditorId] 3984899568 [Version] 1048832 [Id] WindowsEditor(7,DESKTOP-D3H5I89) [Debug] 1 [PackageName] WindowsEditor [ProjectName] Editor" joined alternative multi-casting on [225.0.0.222:34997]...

Refreshing native plugins compatible for Editor in 120.71 ms, found 3 plugins.
Preloading 0 native plugins for Editor in 0.00 ms.
Initialize engine version: 2022.3.4f1 (35713cd46cd7)
[Subsystems] Discovering subsystems at path C:/Program Files/Unity/Hub/Editor/2022.3.4f1/Editor/Data/Resources/UnitySubsystems
[Subsystems] Discovering subsystems at path C:/GameProject/Assets
GfxDevice: creating device client; threaded=0; jobified=0
Direct3D:
    Version:  Direct3D 11.0 [level 11.1]
    Renderer: NVIDIA GeForce GTX 1650 Ti (ID=0x1f95)
    Vendor:   NVIDIA
    VRAM:     3962 MB
    Driver:   27.21.14.6230
Initialize mono
Mono path[0] = 'C:/Program Files/Unity/Hub/Editor/2022.3.4f1/Editor/Data/Managed'
Mono path[1] = 'C:/Program Files/Unity/Hub/Editor/2022.3.4f1/Editor/Data/MonoBleedingEdge/lib/mono/unityjit-win32'
Mono config path = 'C:/Program Files/Unity/Hub/Editor/2022.3.4f1/Editor/Data/MonoBleedingEdge/etc'
Using monoOptions --debugger-agent=transport=dt_socket,embedding=1,server=y,suspend=n,address=127.0.0.1:56184
Begin MonoManager ReloadAssembly
Registering precompiled unity dll's ...
Register platform support module: C:/Program Files/Unity/Hub/Editor/2022.3.4f1/Editor/Data/PlaybackEngines/WebGLSupport/UnityEditor.WebGL.Extensions.dll
Register platform support module: C:/Program Files/Unity/Hub/Editor/2022.3.4f1/Editor/Data/PlaybackEngines/AndroidPlayer/UnityEditor.Android.Extensions.dll
Register platform support module: C:/Program Files/Unity/Hub/Editor/2022.3.4f1/Editor/Data/PlaybackEngines/WindowsStandaloneSupport/UnityEditor.WindowsStandalone.Extensions.dll
Registered in 0.017694 seconds.
- Loaded All Assemblies, in  1.322 seconds
Native extension for WindowsStandalone target not found
Native extension for Android target not found
Android Extension - Scanning For ADB Devices 812 ms
Native extension for WebGL target not found
Mono: successfully reloaded assembly
- Finished resetting the current domain, in  1.495 seconds
Domain Reload Profiling: 2810ms
	BeginReloadAssembly (418ms)
		ExecutionOrderSort (0ms)
		DisableScriptedObjects (0ms)
		BackupInstance (0ms)
		ReleaseScriptingObjects (0ms)
		CreateAndSetChildDomain (2ms)
	RebuildCommonClasses (326ms)
	RebuildNativeTypeToScriptingClass (18ms)
	initialDomainReloadingComplete (97ms)
	LoadAllAssembliesAndSetupDomain (456ms)
		LoadAssemblies (410ms)
		RebuildTransferFunctionScriptingTraits (0ms)
		AnalyzeDomain (436ms)
			TypeCache.Refresh (434ms)
				TypeCache.ScanAssembly (378ms)
			ScanForSourceGeneratedMonoScriptInfo (1ms)
			ResolveRequiredComponents (1ms)
	FinalizeReload (1495ms)
		ReleaseScriptCaches (0ms)
		RebuildScriptCaches (0ms)
		SetupLoadedEditorAssemblies (1367ms)
			LogAssemblyErrors (0ms)
			InitializePlatformSupportModulesInManaged (1103ms)
			SetLoadedEditorAssemblies (8ms)
			RefreshPlugins (0ms)
			BeforeProcessingInitializeOnLoad (4ms)
			ProcessInitializeOnLoadAttributes (173ms)
			ProcessInitializeOnLoadMethodAttributes (79ms)
			AfterProcessingInitializeOnLoad (0ms)
			EditorAssembliesLoaded (0ms)
		ExecutionOrderSort2 (0ms)
		AwakeInstancesAfterBackupRestoration (0ms)
========================================================================
Worker process is ready to serve import requests
Begin MonoManager ReloadAssembly
Symbol file LoadedFromMemory doesn't match image C:\GameProject\Library\PackageCache\com.unity.visualscripting@1.8.0\Editor\VisualScripting.Core\Dependencies\YamlDotNet\Unity.VisualScripting.YamlDotNet.dll
Symbol file LoadedFromMemory doesn't match image C:\GameProject\Library\PackageCache\com.unity.visualscripting@1.8.0\Editor\VisualScripting.Core\Dependencies\DotNetZip\Unity.VisualScripting.IonicZip.dll
- Loaded All Assemblies, in  1.505 seconds
Refreshing native plugins compatible for Editor in 8.26 ms, found 3 plugins.
Native extension for WindowsStandalone target not found
Native extension for Android target not found
Native extension for WebGL target not found
Mono: successfully reloaded assembly
- Finished resetting the current domain, in  0.875 seconds
Domain Reload Profiling: 2373ms
	BeginReloadAssembly (370ms)
		ExecutionOrderSort (0ms)
		DisableScriptedObjects (9ms)
		BackupInstance (0ms)
		ReleaseScriptingObjects (0ms)
		CreateAndSetChildDomain (26ms)
	RebuildCommonClasses (49ms)
	RebuildNativeTypeToScriptingClass (15ms)
	initialDomainReloadingComplete (63ms)
	LoadAllAssembliesAndSetupDomain (1000ms)
		LoadAssemblies (764ms)
		RebuildTransferFunctionScriptingTraits (0ms)
		AnalyzeDomain (511ms)
			TypeCache.Refresh (478ms)
				TypeCache.ScanAssembly (454ms)
			ScanForSourceGeneratedMonoScriptInfo (25ms)
			ResolveRequiredComponents (8ms)
	FinalizeReload (876ms)
		ReleaseScriptCaches (0ms)
		RebuildScriptCaches (0ms)
		SetupLoadedEditorAssemblies (577ms)
			LogAssemblyErrors (0ms)
			InitializePlatformSupportModulesInManaged (43ms)
			SetLoadedEditorAssemblies (7ms)
			RefreshPlugins (0ms)
			BeforeProcessingInitializeOnLoad (104ms)
			ProcessInitializeOnLoadAttributes (382ms)
			ProcessInitializeOnLoadMethodAttributes (26ms)
			AfterProcessingInitializeOnLoad (16ms)
			EditorAssembliesLoaded (0ms)
		ExecutionOrderSort2 (0ms)
		AwakeInstancesAfterBackupRestoration (10ms)
Launched and connected shader compiler UnityShaderCompiler.exe after 0.11 seconds
Refreshing native plugins compatible for Editor in 7.71 ms, found 3 plugins.
Preloading 0 native plugins for Editor in 0.00 ms.
Unloading 3070 Unused Serialized files (Serialized files now loaded: 0)
Unloading 31 unused Assets / (56.3 KB). Loaded Objects now: 3537.
Memory consumption went from 123.5 MB to 123.4 MB.
Total: 4.290800 ms (FindLiveObjects: 0.265900 ms CreateObjectMapping: 0.370300 ms MarkObjects: 3.558200 ms  DeleteObjects: 0.095600 ms)

AssetImportParameters requested are different than current active one (requested -> active):
  custom:container-demuxer-ogg: 62fdf1f143b41e24485cea50d1cbac27 -> 
  custom:video-decoder-ogg-theora: a1e56fd34408186e4bbccfd4996cb3dc -> 
  custom:framework-win-MediaFoundation: 216162199b28c13a410421893ffa2e32 -> 
  custom:CustomObjectIndexerAttribute: 756ad292c208cfabdd7b50bc23989ffe -> 
  custom:scripting/monoscript/fileName/WayPointFollowe.cs: 949663213a22b79c9e94a6212d1975cb -> 
  custom:container-demuxer-webm: 4f35f7cbe854078d1ac9338744f61a02 -> 
  custom:container-muxer-webm: aa71ff27fc2769a1b78a27578f13a17b -> 
  custom:video-decoder-webm-vp8: 9c59270c3fd7afecdb556c50c9e8de78 -> 
  custom:AudioImporter_EditorPlatform: d09bf68614088b80899f8185d706f6e7 -> 
  custom:video-encoder-webm-vp8: eb34c28f22e8b96e1ab97ce403110664 -> 
  custom:audio-decoder-ogg-vorbis: bf7c407c2cedff20999df2af8eb42d56 -> 
  custom:audio-encoder-webm-vorbis: bf7c407c2cedff20999df2af8eb42d56 -> 
========================================================================
Received Import Request.
  Time since last request: 438150.991959 seconds.
  path: Assets/Assets_DevilsWorkShop/Low_Poly_Pixel_2D_Blocks_DevilsWorkShop_v04/Prefabs/assets_pixel_50x50
  artifactKey: Guid(f0bae175dcd8be14aa2e424313d34300) Importer(815301076,1909f56bfc062723c751e8b465ee728b)
Start importing Assets/Assets_DevilsWorkShop/Low_Poly_Pixel_2D_Blocks_DevilsWorkShop_v04/Prefabs/assets_pixel_50x50 using Guid(f0bae175dcd8be14aa2e424313d34300) Importer(815301076,1909f56bfc062723c751e8b465ee728b)  -> (artifact id: '59eceee6eb76b794a94b856e7f93ca71') in 0.004427 seconds
Number of updated asset objects reloaded before import = 0
Number of asset objects unloaded after import = 0
========================================================================
Received Import Request.
  Time since last request: 3.426627 seconds.
  path: Assets/Assets_DevilsWorkShop/Low_Poly_Pixel_2D_Blocks_DevilsWorkShop_v04/Prefabs/assets_pixel_50x50/isometric_pixel_0000.prefab
  artifactKey: Guid(43ff4ff0a14d87f4586f6a030bda812e) Importer(815301076,1909f56bfc062723c751e8b465ee728b)
Start importing Assets/Assets_DevilsWorkShop/Low_Poly_Pixel_2D_Blocks_DevilsWorkShop_v04/Prefabs/assets_pixel_50x50/isometric_pixel_0000.prefab using Guid(43ff4ff0a14d87f4586f6a030bda812e) Importer(815301076,1909f56bfc062723c751e8b465ee728b)  -> (artifact id: '260c0badeda64e2e4454d85cce2b4773') in 0.193012 seconds
Number of updated asset objects reloaded before import = 0
Number of asset objects unloaded after import = 7
========================================================================
Received Import Request.
  Time since last request: 0.000029 seconds.
  path: Assets/Assets_DevilsWorkShop/Low_Poly_Pixel_2D_Blocks_DevilsWorkShop_v04/Prefabs/assets_pixel_50x50/isometric_pixel_0044.prefab
  artifactKey: Guid(6a9d8c2db30d268429075269a7e876c1) Importer(815301076,1909f56bfc062723c751e8b465ee728b)
Start importing Assets/Assets_DevilsWorkShop/Low_Poly_Pixel_2D_Blocks_DevilsWorkShop_v04/Prefabs/assets_pixel_50x50/isometric_pixel_0044.prefab using Guid(6a9d8c2db30d268429075269a7e876c1) Importer(815301076,1909f56bfc062723c751e8b465ee728b)  -> (artifact id: '5c143cd8616cf77d614e631e968de488') in 0.013179 seconds
Number of updated asset objects reloaded before import = 0
Number of asset objects unloaded after import = 7
========================================================================
Received Import Request.
  Time since last request: 0.000031 seconds.
  path: Assets/Assets_DevilsWorkShop/Low_Poly_Pixel_2D_Blocks_DevilsWorkShop_v04/Prefabs/assets_pixel_50x50/isometric_pixel_0047.prefab
  artifactKey: Guid(3c8c9cc250804dc44aa7d8edf3b50e06) Importer(815301076,1909f56bfc062723c751e8b465ee728b)
Start importing Assets/Assets_DevilsWorkShop/Low_Poly_Pixel_2D_Blocks_DevilsWorkShop_v04/Prefabs/assets_pixel_50x50/isometric_pixel_0047.prefab using Guid(3c8c9cc250804dc44aa7d8edf3b50e06) Importer(815301076,1909f56bfc062723c751e8b465ee728b)  -> (artifact id: 'c5b63267dc3217162fe64391a5fc78c4') in 0.051684 seconds
Number of updated asset objects reloaded before import = 0
Number of asset objects unloaded after import = 7
========================================================================
Received Import Request.
  Time since last request: 0.000021 seconds.
  path: Assets/Assets_DevilsWorkShop/Low_Poly_Pixel_2D_Blocks_DevilsWorkShop_v04/Prefabs/assets_pixel_50x50/isometric_pixel_0059.prefab
  artifactKey: Guid(28438cf6e2432b947aa3af03b51c51a6) Importer(815301076,1909f56bfc062723c751e8b465ee728b)
Start importing Assets/Assets_DevilsWorkShop/Low_Poly_Pixel_2D_Blocks_DevilsWorkShop_v04/Prefabs/assets_pixel_50x50/isometric_pixel_0059.prefab using Guid(28438cf6e2432b947aa3af03b51c51a6) Importer(815301076,1909f56bfc062723c751e8b465ee728b)  -> (artifact id: 'b47546476d1e7bc72a93152c8d257fc1') in 0.019762 seconds
Number of updated asset objects reloaded before import = 0
Number of asset objects unloaded after import = 7
========================================================================
Received Import Request.
  Time since last request: 0.000043 seconds.
  path: Assets/Assets_DevilsWorkShop/Low_Poly_Pixel_2D_Blocks_DevilsWorkShop_v04/Prefabs/assets_pixel_50x50/isometric_pixel_0055.prefab
  artifactKey: Guid(1011bddeff20241419366968f9d45a52) Importer(815301076,1909f56bfc062723c751e8b465ee728b)
Start importing Assets/Assets_DevilsWorkShop/Low_Poly_Pixel_2D_Blocks_DevilsWorkShop_v04/Prefabs/assets_pixel_50x50/isometric_pixel_0055.prefab using Guid(1011bddeff20241419366968f9d45a52) Importer(815301076,1909f56bfc062723c751e8b465ee728b)  -> (artifact id: '934e0d91a8a8dcdcb1e00d9d7ad865a5') in 0.038239 seconds
Number of updated asset objects reloaded before import = 0
Number of asset objects unloaded after import = 7
========================================================================
Received Import Request.
  Time since last request: 0.000033 seconds.
  path: Assets/Assets_DevilsWorkShop/Low_Poly_Pixel_2D_Blocks_DevilsWorkShop_v04/Prefabs/assets_pixel_50x50/isometric_pixel_0065.prefab
  artifactKey: Guid(7c80402238dbbab408981af110907317) Importer(815301076,1909f56bfc062723c751e8b465ee728b)
Start importing Assets/Assets_DevilsWorkShop/Low_Poly_Pixel_2D_Blocks_DevilsWorkShop_v04/Prefabs/assets_pixel_50x50/isometric_pixel_0065.prefab using Guid(7c80402238dbbab408981af110907317) Importer(815301076,1909f56bfc062723c751e8b465ee728b)  -> (artifact id: 'f96b51500880182ef299621dfa5d7cd0') in 0.017021 seconds
Number of updated asset objects reloaded before import = 0
Number of asset objects unloaded after import = 7
========================================================================
Received Import Request.
  Time since last request: 0.000027 seconds.
  path: Assets/Assets_DevilsWorkShop/Low_Poly_Pixel_2D_Blocks_DevilsWorkShop_v04/Prefabs/assets_pixel_50x50/isometric_pixel_0052.prefab
  artifactKey: Guid(81ee04525b45b6e4a9d66f636dfdf5a1) Importer(815301076,1909f56bfc062723c751e8b465ee728b)
Start importing Assets/Assets_DevilsWorkShop/Low_Poly_Pixel_2D_Blocks_DevilsWorkShop_v04/Prefabs/assets_pixel_50x50/isometric_pixel_0052.prefab using Guid(81ee04525b45b6e4a9d66f636dfdf5a1) Importer(815301076,1909f56bfc062723c751e8b465ee728b)  -> (artifact id: 'adac83dd3a4eb37e44b641b7cfc218d8') in 0.038087 seconds
Number of updated asset objects reloaded before import = 0
Number of asset objects unloaded after import = 7
========================================================================
Received Import Request.
  Time since last request: 0.000034 seconds.
  path: Assets/Assets_DevilsWorkShop/Low_Poly_Pixel_2D_Blocks_DevilsWorkShop_v04/Prefabs/assets_pixel_50x50/isometric_pixel_0017.prefab
  artifactKey: Guid(7c41174a660420b44a9572d33c536171) Importer(815301076,1909f56bfc062723c751e8b465ee728b)
Start importing Assets/Assets_DevilsWorkShop/Low_Poly_Pixel_2D_Blocks_DevilsWorkShop_v04/Prefabs/assets_pixel_50x50/isometric_pixel_0017.prefab using Guid(7c41174a660420b44a9572d33c536171) Importer(815301076,1909f56bfc062723c751e8b465ee728b)  -> (artifact id: '191a4f8ad03db514990fc5a0a16618d4') in 0.058166 seconds
Number of updated asset objects reloaded before import = 0
Number of asset objects unloaded after import = 7
========================================================================
Received Import Request.
  Time since last request: 0.000030 seconds.
  path: Assets/Assets_DevilsWorkShop/Low_Poly_Pixel_2D_Blocks_DevilsWorkShop_v04/Prefabs/assets_pixel_50x50/isometric_pixel_0006.prefab
  artifactKey: Guid(db033c7158f8e334fbf6e00812a3f5aa) Importer(815301076,1909f56bfc062723c751e8b465ee728b)
Start importing Assets/Assets_DevilsWorkShop/Low_Poly_Pixel_2D_Blocks_DevilsWorkShop_v04/Prefabs/assets_pixel_50x50/isometric_pixel_0006.prefab using Guid(db033c7158f8e334fbf6e00812a3f5aa) Importer(815301076,1909f56bfc062723c751e8b465ee728b)  -> (artifact id: 'fc342f90330473746c089013e1d6a4ee') in 0.030623 seconds
Number of updated asset objects reloaded before import = 0
Number of asset objects unloaded after import = 7
========================================================================
Received Import Request.
  Time since last request: 0.000039 seconds.
  path: Assets/Assets_DevilsWorkShop/Low_Poly_Pixel_2D_Blocks_DevilsWorkShop_v04/Prefabs/assets_pixel_50x50/isometric_pixel_0010.prefab
  artifactKey: Guid(24a385f943a919842bac43e782aeec53) Importer(815301076,1909f56bfc062723c751e8b465ee728b)
Start importing Assets/Assets_DevilsWorkShop/Low_Poly_Pixel_2D_Blocks_DevilsWorkShop_v04/Prefabs/assets_pixel_50x50/isometric_pixel_0010.prefab using Guid(24a385f943a919842bac43e782aeec53) Importer(815301076,1909f56bfc062723c751e8b465ee728b)  -> (artifact id: '958263a8339a5d2c8f506b9b0aafa5fe') in 0.032532 seconds
Number of updated asset objects reloaded before import = 0
Number of asset objects unloaded after import = 7
========================================================================
Received Import Request.
  Time since last request: 0.000030 seconds.
  path: Assets/Assets_DevilsWorkShop/Low_Poly_Pixel_2D_Blocks_DevilsWorkShop_v04/Prefabs/assets_pixel_50x50/isometric_pixel_0067.prefab
  artifactKey: Guid(79a079e492d5cb443a15b87424d9b408) Importer(815301076,1909f56bfc062723c751e8b465ee728b)
Start importing Assets/Assets_DevilsWorkShop/Low_Poly_Pixel_2D_Blocks_DevilsWorkShop_v04/Prefabs/assets_pixel_50x50/isometric_pixel_0067.prefab using Guid(79a079e492d5cb443a15b87424d9b408) Importer(815301076,1909f56bfc062723c751e8b465ee728b)  -> (artifact id: '798c93b7533257ffa04373b873f146c5') in 0.013725 seconds
Number of updated asset objects reloaded before import = 0
Number of asset objects unloaded after import = 7
========================================================================
Received Import Request.
  Time since last request: 0.000030 seconds.
  path: Assets/Assets_DevilsWorkShop/Low_Poly_Pixel_2D_Blocks_DevilsWorkShop_v04/Prefabs/assets_pixel_50x50/isometric_pixel_0020.prefab
  artifactKey: Guid(524798d7d41c3a64696214d5e1458624) Importer(815301076,1909f56bfc062723c751e8b465ee728b)
Start importing Assets/Assets_DevilsWorkShop/Low_Poly_Pixel_2D_Blocks_DevilsWorkShop_v04/Prefabs/assets_pixel_50x50/isometric_pixel_0020.prefab using Guid(524798d7d41c3a64696214d5e1458624) Importer(815301076,1909f56bfc062723c751e8b465ee728b)  -> (artifact id: 'a300d8641b0fa37f4ef2065a67045e6f') in 0.019491 seconds
Number of updated asset objects reloaded before import = 0
Number of asset objects unloaded after import = 7
========================================================================
Received Import Request.
  Time since last request: 0.000024 seconds.
  path: Assets/Assets_DevilsWorkShop/Low_Poly_Pixel_2D_Blocks_DevilsWorkShop_v04/Prefabs/assets_pixel_50x50/isometric_pixel_0038.prefab
  artifactKey: Guid(31e38edc7422cec47a39e414149199f3) Importer(815301076,1909f56bfc062723c751e8b465ee728b)
Start importing Assets/Assets_DevilsWorkShop/Low_Poly_Pixel_2D_Blocks_DevilsWorkShop_v04/Prefabs/assets_pixel_50x50/isometric_pixel_0038.prefab using Guid(31e38edc7422cec47a39e414149199f3) Importer(815301076,1909f56bfc062723c751e8b465ee728b)  -> (artifact id: '3c3e85250996b0e6804e4982f97a0c78') in 0.018062 seconds
Number of updated asset objects reloaded before import = 0
Number of asset objects unloaded after import = 7
========================================================================
Received Import Request.
  Time since last request: 0.000027 seconds.
  path: Assets/Assets_DevilsWorkShop/Low_Poly_Pixel_2D_Blocks_DevilsWorkShop_v04/Prefabs/assets_pixel_50x50/isometric_pixel_0046.prefab
  artifactKey: Guid(0237ca35c83120d4fbbbd08c144bd46b) Importer(815301076,1909f56bfc062723c751e8b465ee728b)
Start importing Assets/Assets_DevilsWorkShop/Low_Poly_Pixel_2D_Blocks_DevilsWorkShop_v04/Prefabs/assets_pixel_50x50/isometric_pixel_0046.prefab using Guid(0237ca35c83120d4fbbbd08c144bd46b) Importer(815301076,1909f56bfc062723c751e8b465ee728b)  -> (artifact id: '977273ebbef9ac05f4db2b598955da42') in 0.014214 seconds
Number of updated asset objects reloaded before import = 0
Number of asset objects unloaded after import = 7
========================================================================
Received Import Request.
  Time since last request: 0.000026 seconds.
  path: Assets/Assets_DevilsWorkShop/Low_Poly_Pixel_2D_Blocks_DevilsWorkShop_v04/Prefabs/assets_pixel_50x50/isometric_pixel_0025.prefab
  artifactKey: Guid(2a499579c19dc3a449eb0572db5d3729) Importer(815301076,1909f56bfc062723c751e8b465ee728b)
Start importing Assets/Assets_DevilsWorkShop/Low_Poly_Pixel_2D_Blocks_DevilsWorkShop_v04/Prefabs/assets_pixel_50x50/isometric_pixel_0025.prefab using Guid(2a499579c19dc3a449eb0572db5d3729) Importer(815301076,1909f56bfc062723c751e8b465ee728b)  -> (artifact id: '5e67718bc1619641e6fe0c73f2e489f6') in 0.018724 seconds
Number of updated asset objects reloaded before import = 0
Number of asset objects unloaded after import = 7
========================================================================
Received Import Request.
  Time since last request: 0.000027 seconds.
  path: Assets/Assets_DevilsWorkShop/Low_Poly_Pixel_2D_Blocks_DevilsWorkShop_v04/Prefabs/assets_pixel_50x50/isometric_pixel_0051.prefab
  artifactKey: Guid(d31dc3a002764d8449cb185691caf67f) Importer(815301076,1909f56bfc062723c751e8b465ee728b)
Start importing Assets/Assets_DevilsWorkShop/Low_Poly_Pixel_2D_Blocks_DevilsWorkShop_v04/Prefabs/assets_pixel_50x50/isometric_pixel_0051.prefab using Guid(d31dc3a002764d8449cb185691caf67f) Importer(815301076,1909f56bfc062723c751e8b465ee728b)  -> (artifact id: '9ed90a8523697376fd1411ad625ef88f') in 0.019264 seconds
Number of updated asset objects reloaded before import = 0
Number of asset objects unloaded after import = 7
========================================================================
Received Import Request.
  Time since last request: 0.000025 seconds.
  path: Assets/Assets_DevilsWorkShop/Low_Poly_Pixel_2D_Blocks_DevilsWorkShop_v04/Prefabs/assets_pixel_50x50/isometric_pixel_0042.prefab
  artifactKey: Guid(c7b8c76750d23214fa7f8e8fb71bcf82) Importer(815301076,1909f56bfc062723c751e8b465ee728b)
Start importing Assets/Assets_DevilsWorkShop/Low_Poly_Pixel_2D_Blocks_DevilsWorkShop_v04/Prefabs/assets_pixel_50x50/isometric_pixel_0042.prefab using Guid(c7b8c76750d23214fa7f8e8fb71bcf82) Importer(815301076,1909f56bfc062723c751e8b465ee728b)  -> (artifact id: '4801abdda5f0f4e77510012ef14663fd') in 0.017528 seconds
Number of updated asset objects reloaded before import = 0
Number of asset objects unloaded after import = 7
========================================================================
Received Import Request.
  Time since last request: 14.452194 seconds.
  path: Assets/Assets_DevilsWorkShop/Low_Poly_Pixel_2D_Blocks_DevilsWorkShop_v04/Prefabs/assets_pixel_50x50/isometric_pixel_0071.prefab
  artifactKey: Guid(7048cbf0c754bc34387de6f00d583c09) Importer(815301076,1909f56bfc062723c751e8b465ee728b)
Start importing Assets/Assets_DevilsWorkShop/Low_Poly_Pixel_2D_Blocks_DevilsWorkShop_v04/Prefabs/assets_pixel_50x50/isometric_pixel_0071.prefab using Guid(7048cbf0c754bc34387de6f00d583c09) Importer(815301076,1909f56bfc062723c751e8b465ee728b)  -> (artifact id: 'a36a9dd2525ff1572f372b87a0b853c1') in 0.031013 seconds
Number of updated asset objects reloaded before import = 0
Number of asset objects unloaded after import = 7
========================================================================
Received Import Request.
  Time since last request: 0.000066 seconds.
  path: Assets/Assets_DevilsWorkShop/Low_Poly_Pixel_2D_Blocks_DevilsWorkShop_v04/Prefabs/assets_pixel_50x50/isometric_pixel_0074.prefab
  artifactKey: Guid(df5274640b1639342b3db71a7241f099) Importer(815301076,1909f56bfc062723c751e8b465ee728b)
Start importing Assets/Assets_DevilsWorkShop/Low_Poly_Pixel_2D_Blocks_DevilsWorkShop_v04/Prefabs/assets_pixel_50x50/isometric_pixel_0074.prefab using Guid(df5274640b1639342b3db71a7241f099) Importer(815301076,1909f56bfc062723c751e8b465ee728b)  -> (artifact id: '654e445de56ad962c839748c57b780bb') in 0.017417 seconds
Number of updated asset objects reloaded before import = 0
Number of asset objects unloaded after import = 7
========================================================================
Received Import Request.
  Time since last request: 0.000022 seconds.
  path: Assets/Assets_DevilsWorkShop/Low_Poly_Pixel_2D_Blocks_DevilsWorkShop_v04/Prefabs/assets_pixel_50x50/isometric_pixel_0079.prefab
  artifactKey: Guid(41edf8be52741034d8a4db5672cdecca) Importer(815301076,1909f56bfc062723c751e8b465ee728b)
Start importing Assets/Assets_DevilsWorkShop/Low_Poly_Pixel_2D_Blocks_DevilsWorkShop_v04/Prefabs/assets_pixel_50x50/isometric_pixel_0079.prefab using Guid(41edf8be52741034d8a4db5672cdecca) Importer(815301076,1909f56bfc062723c751e8b465ee728b)  -> (artifact id: 'c6e4ac3da74bec75cca2f8af477845ab') in 0.019458 seconds
Number of updated asset objects reloaded before import = 0
Number of asset objects unloaded after import = 7
========================================================================
Received Import Request.
  Time since last request: 0.000054 seconds.
  path: Assets/Assets_DevilsWorkShop/Low_Poly_Pixel_2D_Blocks_DevilsWorkShop_v04/Prefabs/assets_pixel_50x50/isometric_pixel_0084.prefab
  artifactKey: Guid(4c0fa98400e9a2b46b5cdce66ff5fa68) Importer(815301076,1909f56bfc062723c751e8b465ee728b)
Start importing Assets/Assets_DevilsWorkShop/Low_Poly_Pixel_2D_Blocks_DevilsWorkShop_v04/Prefabs/assets_pixel_50x50/isometric_pixel_0084.prefab using Guid(4c0fa98400e9a2b46b5cdce66ff5fa68) Importer(815301076,1909f56bfc062723c751e8b465ee728b)  -> (artifact id: 'fed04fbf79edc55a4da342186f3dc22e') in 0.018955 seconds
Number of updated asset objects reloaded before import = 0
Number of asset objects unloaded after import = 7
========================================================================
Received Import Request.
  Time since last request: 0.000054 seconds.
  path: Assets/Assets_DevilsWorkShop/Low_Poly_Pixel_2D_Blocks_DevilsWorkShop_v04/Prefabs/assets_pixel_50x50/isometric_pixel_0087.prefab
  artifactKey: Guid(bf7a57fd1c5cfca42a6ae0b2f62f2b19) Importer(815301076,1909f56bfc062723c751e8b465ee728b)
Start importing Assets/Assets_DevilsWorkShop/Low_Poly_Pixel_2D_Blocks_DevilsWorkShop_v04/Prefabs/assets_pixel_50x50/isometric_pixel_0087.prefab using Guid(bf7a57fd1c5cfca42a6ae0b2f62f2b19) Importer(815301076,1909f56bfc062723c751e8b465ee728b)  -> (artifact id: '1716457022adc9a095885bf35f1fdd04') in 0.019336 seconds
Number of updated asset objects reloaded before import = 0
Number of asset objects unloaded after import = 7
========================================================================
Received Import Request.
  Time since last request: 0.000023 seconds.
  path: Assets/Assets_DevilsWorkShop/Low_Poly_Pixel_2D_Blocks_DevilsWorkShop_v04/Prefabs/assets_pixel_50x50/isometric_pixel_0092.prefab
  artifactKey: Guid(dd2e4642a738c9b45bbc788b48642899) Importer(815301076,1909f56bfc062723c751e8b465ee728b)
Start importing Assets/Assets_DevilsWorkShop/Low_Poly_Pixel_2D_Blocks_DevilsWorkShop_v04/Prefabs/assets_pixel_50x50/isometric_pixel_0092.prefab using Guid(dd2e4642a738c9b45bbc788b48642899) Importer(815301076,1909f56bfc062723c751e8b465ee728b)  -> (artifact id: '5f867a566e06aefc2027d531719390db') in 0.041081 seconds
Number of updated asset objects reloaded before import = 0
Number of asset objects unloaded after import = 7
========================================================================
Received Import Request.
  Time since last request: 0.000029 seconds.
  path: Assets/Assets_DevilsWorkShop/Low_Poly_Pixel_2D_Blocks_DevilsWorkShop_v04/Prefabs/assets_pixel_50x50/isometric_pixel_0101.prefab
  artifactKey: Guid(60092ca1198f1fb4e93e776e8f3a15a8) Importer(815301076,1909f56bfc062723c751e8b465ee728b)
Start importing Assets/Assets_DevilsWorkShop/Low_Poly_Pixel_2D_Blocks_DevilsWorkShop_v04/Prefabs/assets_pixel_50x50/isometric_pixel_0101.prefab using Guid(60092ca1198f1fb4e93e776e8f3a15a8) Importer(815301076,1909f56bfc062723c751e8b465ee728b)  -> (artifact id: 'd4f09b7cf0e092b716dec3962432eabc') in 0.017808 seconds
Number of updated asset objects reloaded before import = 0
Number of asset objects unloaded after import = 7
========================================================================
Received Import Request.
  Time since last request: 0.000029 seconds.
  path: Assets/Assets_DevilsWorkShop/Low_Poly_Pixel_2D_Blocks_DevilsWorkShop_v04/Prefabs/assets_pixel_50x50/isometric_pixel_0103.prefab
  artifactKey: Guid(44d61d66cfdd8ca45be6beab0d3a1f3e) Importer(815301076,1909f56bfc062723c751e8b465ee728b)
Start importing Assets/Assets_DevilsWorkShop/Low_Poly_Pixel_2D_Blocks_DevilsWorkShop_v04/Prefabs/assets_pixel_50x50/isometric_pixel_0103.prefab using Guid(44d61d66cfdd8ca45be6beab0d3a1f3e) Importer(815301076,1909f56bfc062723c751e8b465ee728b)  -> (artifact id: 'a1bab6c15f4f9c01267f56935a6c6058') in 0.017628 seconds
Number of updated asset objects reloaded before import = 0
Number of asset objects unloaded after import = 7
========================================================================
Received Import Request.
  Time since last request: 0.000056 seconds.
  path: Assets/Assets_DevilsWorkShop/Low_Poly_Pixel_2D_Blocks_DevilsWorkShop_v04/Prefabs/assets_pixel_50x50/isometric_pixel_0104.prefab
  artifactKey: Guid(8f53e9fef56bb1048806df79767fba89) Importer(815301076,1909f56bfc062723c751e8b465ee728b)
Start importing Assets/Assets_DevilsWorkShop/Low_Poly_Pixel_2D_Blocks_DevilsWorkShop_v04/Prefabs/assets_pixel_50x50/isometric_pixel_0104.prefab using Guid(8f53e9fef56bb1048806df79767fba89) Importer(815301076,1909f56bfc062723c751e8b465ee728b)  -> (artifact id: '1a4881059ed67ec9de2e24e0c374b83b') in 0.018819 seconds
Number of updated asset objects reloaded before import = 0
Number of asset objects unloaded after import = 7
========================================================================
Received Import Request.
  Time since last request: 0.000021 seconds.
  path: Assets/Assets_DevilsWorkShop/Low_Poly_Pixel_2D_Blocks_DevilsWorkShop_v04/Prefabs/assets_pixel_50x50/isometric_pixel_0105.prefab
  artifactKey: Guid(059ba69f7e873c04c80a6bbea70ebbdf) Importer(815301076,1909f56bfc062723c751e8b465ee728b)
Start importing Assets/Assets_DevilsWorkShop/Low_Poly_Pixel_2D_Blocks_DevilsWorkShop_v04/Prefabs/assets_pixel_50x50/isometric_pixel_0105.prefab using Guid(059ba69f7e873c04c80a6bbea70ebbdf) Importer(815301076,1909f56bfc062723c751e8b465ee728b)  -> (artifact id: '5350d546ea64c8b93cd74dc7f3231b82') in 0.018111 seconds
Number of updated asset objects reloaded before import = 0
Number of asset objects unloaded after import = 7
========================================================================
Received Import Request.
  Time since last request: 0.000022 seconds.
  path: Assets/Assets_DevilsWorkShop/Low_Poly_Pixel_2D_Blocks_DevilsWorkShop_v04/Prefabs/assets_pixel_50x50/isometric_pixel_0112.prefab
  artifactKey: Guid(4e445a9dc8aadc54bbb5f178a49bd457) Importer(815301076,1909f56bfc062723c751e8b465ee728b)
Start importing Assets/Assets_DevilsWorkShop/Low_Poly_Pixel_2D_Blocks_DevilsWorkShop_v04/Prefabs/assets_pixel_50x50/isometric_pixel_0112.prefab using Guid(4e445a9dc8aadc54bbb5f178a49bd457) Importer(815301076,1909f56bfc062723c751e8b465ee728b)  -> (artifact id: '3f4357dda04c30b6f3a6786339597fff') in 0.019740 seconds
Number of updated asset objects reloaded before import = 0
Number of asset objects unloaded after import = 7
========================================================================
Received Import Request.
  Time since last request: 0.000220 seconds.
  path: Assets/Assets_DevilsWorkShop/Low_Poly_Pixel_2D_Blocks_DevilsWorkShop_v04/Prefabs/assets_pixel_50x50/isometric_pixel_0094.prefab
  artifactKey: Guid(ee7bfd02981500d44a91375ecd462f7a) Importer(815301076,1909f56bfc062723c751e8b465ee728b)
Start importing Assets/Assets_DevilsWorkShop/Low_Poly_Pixel_2D_Blocks_DevilsWorkShop_v04/Prefabs/assets_pixel_50x50/isometric_pixel_0094.prefab using Guid(ee7bfd02981500d44a91375ecd462f7a) Importer(815301076,1909f56bfc062723c751e8b465ee728b)  -> (artifact id: '8e244ca817cb5e163c00e040c32f9d36') in 0.020096 seconds
Number of updated asset objects reloaded before import = 0
Number of asset objects unloaded after import = 7
========================================================================
Received Import Request.
  Time since last request: 0.000024 seconds.
  path: Assets/Assets_DevilsWorkShop/Low_Poly_Pixel_2D_Blocks_DevilsWorkShop_v04/Prefabs/assets_pixel_50x50/isometric_pixel_0111.prefab
  artifactKey: Guid(fbfe5f68358d28940b63e837bf6a016d) Importer(815301076,1909f56bfc062723c751e8b465ee728b)
Start importing Assets/Assets_DevilsWorkShop/Low_Poly_Pixel_2D_Blocks_DevilsWorkShop_v04/Prefabs/assets_pixel_50x50/isometric_pixel_0111.prefab using Guid(fbfe5f68358d28940b63e837bf6a016d) Importer(815301076,1909f56bfc062723c751e8b465ee728b)  -> (artifact id: 'e47c9d1a0f843db7c662b2c44260a7cc') in 0.034942 seconds
Number of updated asset objects reloaded before import = 0
Number of asset objects unloaded after import = 7
========================================================================
Received Import Request.
  Time since last request: 0.000027 seconds.
  path: Assets/Assets_DevilsWorkShop/Low_Poly_Pixel_2D_Blocks_DevilsWorkShop_v04/Prefabs/assets_pixel_50x50/isometric_pixel_0097.prefab
  artifactKey: Guid(85542e05fe49a004fac1c79d1b48186b) Importer(815301076,1909f56bfc062723c751e8b465ee728b)
Start importing Assets/Assets_DevilsWorkShop/Low_Poly_Pixel_2D_Blocks_DevilsWorkShop_v04/Prefabs/assets_pixel_50x50/isometric_pixel_0097.prefab using Guid(85542e05fe49a004fac1c79d1b48186b) Importer(815301076,1909f56bfc062723c751e8b465ee728b)  -> (artifact id: '65a6bedce05c63845b02719d612cf9d4') in 0.032129 seconds
Number of updated asset objects reloaded before import = 0
Number of asset objects unloaded after import = 7
========================================================================
Received Import Request.
  Time since last request: 0.000034 seconds.
  path: Assets/Assets_DevilsWorkShop/Low_Poly_Pixel_2D_Blocks_DevilsWorkShop_v04/Prefabs/assets_pixel_50x50/isometric_pixel_0102.prefab
  artifactKey: Guid(0efc998ea6655144fb93e205005b097e) Importer(815301076,1909f56bfc062723c751e8b465ee728b)
Start importing Assets/Assets_DevilsWorkShop/Low_Poly_Pixel_2D_Blocks_DevilsWorkShop_v04/Prefabs/assets_pixel_50x50/isometric_pixel_0102.prefab using Guid(0efc998ea6655144fb93e205005b097e) Importer(815301076,1909f56bfc062723c751e8b465ee728b)  -> (artifact id: 'd776eba10f43fc49ffa5d75b63d6d89a') in 0.023799 seconds
Number of updated asset objects reloaded before import = 0
Number of asset objects unloaded after import = 7
========================================================================
Received Import Request.
  Time since last request: 0.000065 seconds.
  path: Assets/Assets_DevilsWorkShop/Low_Poly_Pixel_2D_Blocks_DevilsWorkShop_v04/Prefabs/assets_pixel_50x50/isometric_pixel_0123.prefab
  artifactKey: Guid(5b98ed647d670af4f974fefd1a93506c) Importer(815301076,1909f56bfc062723c751e8b465ee728b)
Start importing Assets/Assets_DevilsWorkShop/Low_Poly_Pixel_2D_Blocks_DevilsWorkShop_v04/Prefabs/assets_pixel_50x50/isometric_pixel_0123.prefab using Guid(5b98ed647d670af4f974fefd1a93506c) Importer(815301076,1909f56bfc062723c751e8b465ee728b)  -> (artifact id: 'f53ea51d58338dc335cbb05b14fef034') in 0.021606 seconds
Number of updated asset objects reloaded before import = 0
Number of asset objects unloaded after import = 7
========================================================================
Received Import Request.
  Time since last request: 0.000022 seconds.
  path: Assets/Assets_DevilsWorkShop/Low_Poly_Pixel_2D_Blocks_DevilsWorkShop_v04/Prefabs/assets_pixel_50x50/isometric_pixel_0122.prefab
  artifactKey: Guid(e9e2f9d54201cf94ba13ac5f917239ef) Importer(815301076,1909f56bfc062723c751e8b465ee728b)
Start importing Assets/Assets_DevilsWorkShop/Low_Poly_Pixel_2D_Blocks_DevilsWorkShop_v04/Prefabs/assets_pixel_50x50/isometric_pixel_0122.prefab using Guid(e9e2f9d54201cf94ba13ac5f917239ef) Importer(815301076,1909f56bfc062723c751e8b465ee728b)  -> (artifact id: '5ef254454c0a6a9bc458a0b38fa52185') in 0.020629 seconds
Number of updated asset objects reloaded before import = 0
Number of asset objects unloaded after import = 7
========================================================================
Received Import Request.
  Time since last request: 0.000047 seconds.
  path: Assets/Assets_DevilsWorkShop/Low_Poly_Pixel_2D_Blocks_DevilsWorkShop_v04/Prefabs/assets_pixel_50x50/isometric_pixel_0076.prefab
  artifactKey: Guid(67388ec6881bb374db1849ddc09bd877) Importer(815301076,1909f56bfc062723c751e8b465ee728b)
Start importing Assets/Assets_DevilsWorkShop/Low_Poly_Pixel_2D_Blocks_DevilsWorkShop_v04/Prefabs/assets_pixel_50x50/isometric_pixel_0076.prefab using Guid(67388ec6881bb374db1849ddc09bd877) Importer(815301076,1909f56bfc062723c751e8b465ee728b)  -> (artifact id: '9e687599491eba747bca4d7332093592') in 0.018772 seconds
Number of updated asset objects reloaded before import = 0
Number of asset objects unloaded after import = 7
========================================================================
Received Import Request.
  Time since last request: 0.000029 seconds.
  path: Assets/Assets_DevilsWorkShop/Low_Poly_Pixel_2D_Blocks_DevilsWorkShop_v04/Prefabs/assets_pixel_50x50/isometric_pixel_0098.prefab
  artifactKey: Guid(eccb1a4b37d24214ea850f46da042844) Importer(815301076,1909f56bfc062723c751e8b465ee728b)
Start importing Assets/Assets_DevilsWorkShop/Low_Poly_Pixel_2D_Blocks_DevilsWorkShop_v04/Prefabs/assets_pixel_50x50/isometric_pixel_0098.prefab using Guid(eccb1a4b37d24214ea850f46da042844) Importer(815301076,1909f56bfc062723c751e8b465ee728b)  -> (artifact id: 'e257bf92237b90a860304ff99c31b4b3') in 0.022948 seconds
Number of updated asset objects reloaded before import = 0
Number of asset objects unloaded after import = 7
========================================================================
Received Import Request.
  Time since last request: 0.041290 seconds.
  path: Assets/Assets_DevilsWorkShop/Low_Poly_Pixel_2D_Blocks_DevilsWorkShop_v04/Prefabs/assets_pixel_50x50/isometric_pixel_0127.prefab
  artifactKey: Guid(7e712eac33b16184081be465bc18167e) Importer(815301076,1909f56bfc062723c751e8b465ee728b)
Start importing Assets/Assets_DevilsWorkShop/Low_Poly_Pixel_2D_Blocks_DevilsWorkShop_v04/Prefabs/assets_pixel_50x50/isometric_pixel_0127.prefab using Guid(7e712eac33b16184081be465bc18167e) Importer(815301076,1909f56bfc062723c751e8b465ee728b)  -> (artifact id: 'b8d3301a148b2c81822344aca2d1e2d5') in 0.016132 seconds
Number of updated asset objects reloaded before import = 0
Number of asset objects unloaded after import = 7
========================================================================
Received Import Request.
  Time since last request: 0.000022 seconds.
  path: Assets/Assets_DevilsWorkShop/Low_Poly_Pixel_2D_Blocks_DevilsWorkShop_v04/Prefabs/assets_pixel_50x50/isometric_pixel_0130.prefab
  artifactKey: Guid(20b36e5b93c09be46bdd378722f8f921) Importer(815301076,1909f56bfc062723c751e8b465ee728b)
Start importing Assets/Assets_DevilsWorkShop/Low_Poly_Pixel_2D_Blocks_DevilsWorkShop_v04/Prefabs/assets_pixel_50x50/isometric_pixel_0130.prefab using Guid(20b36e5b93c09be46bdd378722f8f921) Importer(815301076,1909f56bfc062723c751e8b465ee728b)  -> (artifact id: '70749bd3b5376f3a1a4b36babfdd90e3') in 0.016043 seconds
Number of updated asset objects reloaded before import = 0
Number of asset objects unloaded after import = 7
========================================================================
Received Import Request.
  Time since last request: 0.000023 seconds.
  path: Assets/Assets_DevilsWorkShop/Low_Poly_Pixel_2D_Blocks_DevilsWorkShop_v04/Prefabs/assets_pixel_50x50/isometric_pixel_0134.prefab
  artifactKey: Guid(d0c42aa9dfe292c42a9627667863a2e0) Importer(815301076,1909f56bfc062723c751e8b465ee728b)
Start importing Assets/Assets_DevilsWorkShop/Low_Poly_Pixel_2D_Blocks_DevilsWorkShop_v04/Prefabs/assets_pixel_50x50/isometric_pixel_0134.prefab using Guid(d0c42aa9dfe292c42a9627667863a2e0) Importer(815301076,1909f56bfc062723c751e8b465ee728b)  -> (artifact id: 'fe26df5dfe396c96a7040f939ca94f26') in 0.016642 seconds
Number of updated asset objects reloaded before import = 0
Number of asset objects unloaded after import = 7
========================================================================
Received Import Request.
  Time since last request: 0.000024 seconds.
  path: Assets/Assets_DevilsWorkShop/Low_Poly_Pixel_2D_Blocks_DevilsWorkShop_v04/Prefabs/assets_pixel_50x50/isometric_pixel_0140.prefab
  artifactKey: Guid(e7d385b41d4f126468c201af60902a88) Importer(815301076,1909f56bfc062723c751e8b465ee728b)
Start importing Assets/Assets_DevilsWorkShop/Low_Poly_Pixel_2D_Blocks_DevilsWorkShop_v04/Prefabs/assets_pixel_50x50/isometric_pixel_0140.prefab using Guid(e7d385b41d4f126468c201af60902a88) Importer(815301076,1909f56bfc062723c751e8b465ee728b)  -> (artifact id: '2982b66d051065363773d85532716e0d') in 0.018298 seconds
Number of updated asset objects reloaded before import = 0
Number of asset objects unloaded after import = 7
========================================================================
Received Import Request.
  Time since last request: 0.000032 seconds.
  path: Assets/Assets_DevilsWorkShop/Low_Poly_Pixel_2D_Blocks_DevilsWorkShop_v04/Prefabs/assets_pixel_50x50/isometric_pixel_0132.prefab
  artifactKey: Guid(4f819a948c5fde844932293a2d91375c) Importer(815301076,1909f56bfc062723c751e8b465ee728b)
Start importing Assets/Assets_DevilsWorkShop/Low_Poly_Pixel_2D_Blocks_DevilsWorkShop_v04/Prefabs/assets_pixel_50x50/isometric_pixel_0132.prefab using Guid(4f819a948c5fde844932293a2d91375c) Importer(815301076,1909f56bfc062723c751e8b465ee728b)  -> (artifact id: '1ff9e9b398527663c7bd6d25b33b5e66') in 0.017791 seconds
Number of updated asset objects reloaded before import = 0
Number of asset objects unloaded after import = 7
========================================================================
Received Import Request.
  Time since last request: 0.000019 seconds.
  path: Assets/Assets_DevilsWorkShop/Low_Poly_Pixel_2D_Blocks_DevilsWorkShop_v04/Prefabs/assets_pixel_50x50/isometric_pixel_0142.prefab
  artifactKey: Guid(e39dbc0a885d5e44eacf464e1ab6f475) Importer(815301076,1909f56bfc062723c751e8b465ee728b)
Start importing Assets/Assets_DevilsWorkShop/Low_Poly_Pixel_2D_Blocks_DevilsWorkShop_v04/Prefabs/assets_pixel_50x50/isometric_pixel_0142.prefab using Guid(e39dbc0a885d5e44eacf464e1ab6f475) Importer(815301076,1909f56bfc062723c751e8b465ee728b)  -> (artifact id: '51483486ec0d38088af04f747da22fda') in 0.017452 seconds
Number of updated asset objects reloaded before import = 0
Number of asset objects unloaded after import = 7
========================================================================
Received Import Request.
  Time since last request: 0.000039 seconds.
  path: Assets/Assets_DevilsWorkShop/Low_Poly_Pixel_2D_Blocks_DevilsWorkShop_v04/Prefabs/assets_pixel_50x50/isometric_pixel_0146.prefab
  artifactKey: Guid(fce6a67f24f19404595a0f4c6395465d) Importer(815301076,1909f56bfc062723c751e8b465ee728b)
Start importing Assets/Assets_DevilsWorkShop/Low_Poly_Pixel_2D_Blocks_DevilsWorkShop_v04/Prefabs/assets_pixel_50x50/isometric_pixel_0146.prefab using Guid(fce6a67f24f19404595a0f4c6395465d) Importer(815301076,1909f56bfc062723c751e8b465ee728b)  -> (artifact id: '1225893e26348ae90017428152f4ccaa') in 0.018427 seconds
Number of updated asset objects reloaded before import = 0
Number of asset objects unloaded after import = 7
========================================================================
Received Import Request.
  Time since last request: 0.000037 seconds.
  path: Assets/Assets_DevilsWorkShop/Low_Poly_Pixel_2D_Blocks_DevilsWorkShop_v04/Prefabs/assets_pixel_50x50/isometric_pixel_0145.prefab
  artifactKey: Guid(aa5f14710da06da4793d4c2687b8dc03) Importer(815301076,1909f56bfc062723c751e8b465ee728b)
Start importing Assets/Assets_DevilsWorkShop/Low_Poly_Pixel_2D_Blocks_DevilsWorkShop_v04/Prefabs/assets_pixel_50x50/isometric_pixel_0145.prefab using Guid(aa5f14710da06da4793d4c2687b8dc03) Importer(815301076,1909f56bfc062723c751e8b465ee728b)  -> (artifact id: '8c7513299a4171259c3b89f70b4e3854') in 0.019296 seconds
Number of updated asset objects reloaded before import = 0
Number of asset objects unloaded after import = 7
========================================================================
Received Import Request.
  Time since last request: 0.000022 seconds.
  path: Assets/Assets_DevilsWorkShop/Low_Poly_Pixel_2D_Blocks_DevilsWorkShop_v04/Prefabs/assets_pixel_50x50/isometric_pixel_0157.prefab
  artifactKey: Guid(9c97ec2348b72604bad8fe4141c54625) Importer(815301076,1909f56bfc062723c751e8b465ee728b)
Start importing Assets/Assets_DevilsWorkShop/Low_Poly_Pixel_2D_Blocks_DevilsWorkShop_v04/Prefabs/assets_pixel_50x50/isometric_pixel_0157.prefab using Guid(9c97ec2348b72604bad8fe4141c54625) Importer(815301076,1909f56bfc062723c751e8b465ee728b)  -> (artifact id: '505bd02698769e7c93f99f185745ead7') in 0.015573 seconds
Number of updated asset objects reloaded before import = 0
Number of asset objects unloaded after import = 7
========================================================================
Received Import Request.
  Time since last request: 0.000049 seconds.
  path: Assets/Assets_DevilsWorkShop/Low_Poly_Pixel_2D_Blocks_DevilsWorkShop_v04/Prefabs/assets_pixel_50x50/isometric_pixel_0161.prefab
  artifactKey: Guid(f181b9dc481176744ba4cc4df4ef34af) Importer(815301076,1909f56bfc062723c751e8b465ee728b)
Start importing Assets/Assets_DevilsWorkShop/Low_Poly_Pixel_2D_Blocks_DevilsWorkShop_v04/Prefabs/assets_pixel_50x50/isometric_pixel_0161.prefab using Guid(f181b9dc481176744ba4cc4df4ef34af) Importer(815301076,1909f56bfc062723c751e8b465ee728b)  -> (artifact id: 'a57229dcc004dde55e046b632e2c3e68') in 0.014109 seconds
Number of updated asset objects reloaded before import = 0
Number of asset objects unloaded after import = 7
========================================================================
Received Import Request.
  Time since last request: 0.000023 seconds.
  path: Assets/Assets_DevilsWorkShop/Low_Poly_Pixel_2D_Blocks_DevilsWorkShop_v04/Prefabs/assets_pixel_50x50/isometric_pixel_0156.prefab
  artifactKey: Guid(0a1510568ba62a14a9a7c61098c2756d) Importer(815301076,1909f56bfc062723c751e8b465ee728b)
Start importing Assets/Assets_DevilsWorkShop/Low_Poly_Pixel_2D_Blocks_DevilsWorkShop_v04/Prefabs/assets_pixel_50x50/isometric_pixel_0156.prefab using Guid(0a1510568ba62a14a9a7c61098c2756d) Importer(815301076,1909f56bfc062723c751e8b465ee728b)  -> (artifact id: '10a9f32234d04a6cd2106beb20650330') in 0.019166 seconds
Number of updated asset objects reloaded before import = 0
Number of asset objects unloaded after import = 7
========================================================================
Received Import Request.
  Time since last request: 0.000020 seconds.
  path: Assets/Assets_DevilsWorkShop/Low_Poly_Pixel_2D_Blocks_DevilsWorkShop_v04/Prefabs/assets_pixel_50x50/isometric_pixel_0164.prefab
  artifactKey: Guid(2f69810286c86764abac482f1b95285d) Importer(815301076,1909f56bfc062723c751e8b465ee728b)
Start importing Assets/Assets_DevilsWorkShop/Low_Poly_Pixel_2D_Blocks_DevilsWorkShop_v04/Prefabs/assets_pixel_50x50/isometric_pixel_0164.prefab using Guid(2f69810286c86764abac482f1b95285d) Importer(815301076,1909f56bfc062723c751e8b465ee728b)  -> (artifact id: '7a77ebb1146659766e30d9297cf471ca') in 0.014594 seconds
Number of updated asset objects reloaded before import = 0
Number of asset objects unloaded after import = 7
========================================================================
Received Import Request.
  Time since last request: 0.000024 seconds.
  path: Assets/Assets_DevilsWorkShop/Low_Poly_Pixel_2D_Blocks_DevilsWorkShop_v04/Prefabs/assets_pixel_50x50/isometric_pixel_0166.prefab
  artifactKey: Guid(d080b5a8f5f019047a6e004ce46d65d7) Importer(815301076,1909f56bfc062723c751e8b465ee728b)
Start importing Assets/Assets_DevilsWorkShop/Low_Poly_Pixel_2D_Blocks_DevilsWorkShop_v04/Prefabs/assets_pixel_50x50/isometric_pixel_0166.prefab using Guid(d080b5a8f5f019047a6e004ce46d65d7) Importer(815301076,1909f56bfc062723c751e8b465ee728b)  -> (artifact id: '6de041876c59c3bb1c9dee9d711f2809') in 0.015049 seconds
Number of updated asset objects reloaded before import = 0
Number of asset objects unloaded after import = 7
========================================================================
Received Import Request.
  Time since last request: 0.000022 seconds.
  path: Assets/Assets_DevilsWorkShop/Low_Poly_Pixel_2D_Blocks_DevilsWorkShop_v04/Prefabs/assets_pixel_50x50/isometric_pixel_0171.prefab
  artifactKey: Guid(cb9e866c78bc0604191100ed6409d043) Importer(815301076,1909f56bfc062723c751e8b465ee728b)
Start importing Assets/Assets_DevilsWorkShop/Low_Poly_Pixel_2D_Blocks_DevilsWorkShop_v04/Prefabs/assets_pixel_50x50/isometric_pixel_0171.prefab using Guid(cb9e866c78bc0604191100ed6409d043) Importer(815301076,1909f56bfc062723c751e8b465ee728b)  -> (artifact id: '1231b1f205ab1d717145a09a44c78af7') in 0.018187 seconds
Number of updated asset objects reloaded before import = 0
Number of asset objects unloaded after import = 7
========================================================================
Received Import Request.
  Time since last request: 0.000022 seconds.
  path: Assets/Assets_DevilsWorkShop/Low_Poly_Pixel_2D_Blocks_DevilsWorkShop_v04/Prefabs/assets_pixel_50x50/isometric_pixel_0174.prefab
  artifactKey: Guid(9b41e95311c2cc548a26708c0da85c4b) Importer(815301076,1909f56bfc062723c751e8b465ee728b)
Start importing Assets/Assets_DevilsWorkShop/Low_Poly_Pixel_2D_Blocks_DevilsWorkShop_v04/Prefabs/assets_pixel_50x50/isometric_pixel_0174.prefab using Guid(9b41e95311c2cc548a26708c0da85c4b) Importer(815301076,1909f56bfc062723c751e8b465ee728b)  -> (artifact id: '845eb61219acd1ceeac010e933ae3ff4') in 0.017443 seconds
Number of updated asset objects reloaded before import = 0
Number of asset objects unloaded after import = 7
========================================================================
Received Import Request.
  Time since last request: 0.000020 seconds.
  path: Assets/Assets_DevilsWorkShop/Low_Poly_Pixel_2D_Blocks_DevilsWorkShop_v04/Prefabs/assets_pixel_50x50/isometric_pixel_0182.prefab
  artifactKey: Guid(6a6ac98265608c949b8708efdd081c0f) Importer(815301076,1909f56bfc062723c751e8b465ee728b)
Start importing Assets/Assets_DevilsWorkShop/Low_Poly_Pixel_2D_Blocks_DevilsWorkShop_v04/Prefabs/assets_pixel_50x50/isometric_pixel_0182.prefab using Guid(6a6ac98265608c949b8708efdd081c0f) Importer(815301076,1909f56bfc062723c751e8b465ee728b)  -> (artifact id: '7abdf52bff915de8640ee50b36a41360') in 0.020399 seconds
Number of updated asset objects reloaded before import = 0
Number of asset objects unloaded after import = 7
========================================================================
Received Import Request.
  Time since last request: 0.000039 seconds.
  path: Assets/Assets_DevilsWorkShop/Low_Poly_Pixel_2D_Blocks_DevilsWorkShop_v04/Prefabs/assets_pixel_50x50/isometric_pixel_0186.prefab
  artifactKey: Guid(a38a14df613fad74e90e2e05ae41a264) Importer(815301076,1909f56bfc062723c751e8b465ee728b)
Start importing Assets/Assets_DevilsWorkShop/Low_Poly_Pixel_2D_Blocks_DevilsWorkShop_v04/Prefabs/assets_pixel_50x50/isometric_pixel_0186.prefab using Guid(a38a14df613fad74e90e2e05ae41a264) Importer(815301076,1909f56bfc062723c751e8b465ee728b)  -> (artifact id: 'f50ca1458ff8eb9483d0b92c9d740e5a') in 0.013294 seconds
Number of updated asset objects reloaded before import = 0
Number of asset objects unloaded after import = 7
========================================================================
Received Import Request.
  Time since last request: 0.000031 seconds.
  path: Assets/Assets_DevilsWorkShop/Low_Poly_Pixel_2D_Blocks_DevilsWorkShop_v04/Prefabs/assets_pixel_50x50/isometric_pixel_0188.prefab
  artifactKey: Guid(345beada85ed91741bb679d8c12ee27c) Importer(815301076,1909f56bfc062723c751e8b465ee728b)
Start importing Assets/Assets_DevilsWorkShop/Low_Poly_Pixel_2D_Blocks_DevilsWorkShop_v04/Prefabs/assets_pixel_50x50/isometric_pixel_0188.prefab using Guid(345beada85ed91741bb679d8c12ee27c) Importer(815301076,1909f56bfc062723c751e8b465ee728b)  -> (artifact id: '8b5f3a0b7f70f38bd352264c787d65d1') in 0.013001 seconds
Number of updated asset objects reloaded before import = 0
Number of asset objects unloaded after import = 7
========================================================================
Received Import Request.
  Time since last request: 0.000018 seconds.
  path: Assets/Assets_DevilsWorkShop/Low_Poly_Pixel_2D_Blocks_DevilsWorkShop_v04/Prefabs/assets_pixel_50x50/isometric_pixel_0195.prefab
  artifactKey: Guid(9071afb2f49d48146b21fa3359964c1f) Importer(815301076,1909f56bfc062723c751e8b465ee728b)
Start importing Assets/Assets_DevilsWorkShop/Low_Poly_Pixel_2D_Blocks_DevilsWorkShop_v04/Prefabs/assets_pixel_50x50/isometric_pixel_0195.prefab using Guid(9071afb2f49d48146b21fa3359964c1f) Importer(815301076,1909f56bfc062723c751e8b465ee728b)  -> (artifact id: '23ff3a66ba8da27bc6eeb573d93947c7') in 0.016196 seconds
Number of updated asset objects reloaded before import = 0
Number of asset objects unloaded after import = 7
========================================================================
Received Import Request.
  Time since last request: 0.000023 seconds.
  path: Assets/Assets_DevilsWorkShop/Low_Poly_Pixel_2D_Blocks_DevilsWorkShop_v04/Prefabs/assets_pixel_50x50/isometric_pixel_0177.prefab
  artifactKey: Guid(2b134ef47d1b8e94e8f4767ea4de2a7b) Importer(815301076,1909f56bfc062723c751e8b465ee728b)
Start importing Assets/Assets_DevilsWorkShop/Low_Poly_Pixel_2D_Blocks_DevilsWorkShop_v04/Prefabs/assets_pixel_50x50/isometric_pixel_0177.prefab using Guid(2b134ef47d1b8e94e8f4767ea4de2a7b) Importer(815301076,1909f56bfc062723c751e8b465ee728b)  -> (artifact id: '508af3ef5dbdabfbb30b9b9b5200ec1e') in 0.018507 seconds
Number of updated asset objects reloaded before import = 0
Number of asset objects unloaded after import = 7
========================================================================
Received Import Request.
  Time since last request: 0.000027 seconds.
  path: Assets/Assets_DevilsWorkShop/Low_Poly_Pixel_2D_Blocks_DevilsWorkShop_v04/Prefabs/assets_pixel_50x50/isometric_pixel_0193.prefab
  artifactKey: Guid(18b196a5474e1a04891720adc40a4929) Importer(815301076,1909f56bfc062723c751e8b465ee728b)
Start importing Assets/Assets_DevilsWorkShop/Low_Poly_Pixel_2D_Blocks_DevilsWorkShop_v04/Prefabs/assets_pixel_50x50/isometric_pixel_0193.prefab using Guid(18b196a5474e1a04891720adc40a4929) Importer(815301076,1909f56bfc062723c751e8b465ee728b)  -> (artifact id: 'eb5248a7c7334c0e33b5a04c03cc335a') in 0.015552 seconds
Number of updated asset objects reloaded before import = 0
Number of asset objects unloaded after import = 7
========================================================================
Received Import Request.
  Time since last request: 0.000032 seconds.
  path: Assets/Assets_DevilsWorkShop/Low_Poly_Pixel_2D_Blocks_DevilsWorkShop_v04/Prefabs/assets_pixel_50x50/isometric_pixel_0168.prefab
  artifactKey: Guid(0ec31b67b024bad4da05e8163eb22045) Importer(815301076,1909f56bfc062723c751e8b465ee728b)
Start importing Assets/Assets_DevilsWorkShop/Low_Poly_Pixel_2D_Blocks_DevilsWorkShop_v04/Prefabs/assets_pixel_50x50/isometric_pixel_0168.prefab using Guid(0ec31b67b024bad4da05e8163eb22045) Importer(815301076,1909f56bfc062723c751e8b465ee728b)  -> (artifact id: '6464aa8781c94ae4c62f937c9211520a') in 0.015259 seconds
Number of updated asset objects reloaded before import = 0
Number of asset objects unloaded after import = 7
========================================================================
Received Import Request.
  Time since last request: 0.000021 seconds.
  path: Assets/Assets_DevilsWorkShop/Low_Poly_Pixel_2D_Blocks_DevilsWorkShop_v04/Prefabs/assets_pixel_50x50/isometric_pixel_0180.prefab
  artifactKey: Guid(d7c960b03f72f28479ef1a99a6c9539e) Importer(815301076,1909f56bfc062723c751e8b465ee728b)
Start importing Assets/Assets_DevilsWorkShop/Low_Poly_Pixel_2D_Blocks_DevilsWorkShop_v04/Prefabs/assets_pixel_50x50/isometric_pixel_0180.prefab using Guid(d7c960b03f72f28479ef1a99a6c9539e) Importer(815301076,1909f56bfc062723c751e8b465ee728b)  -> (artifact id: '0acb0b256289e1bacb073b3619fad830') in 0.019516 seconds
Number of updated asset objects reloaded before import = 0
Number of asset objects unloaded after import = 7
========================================================================
Received Import Request.
  Time since last request: 0.000020 seconds.
  path: Assets/Assets_DevilsWorkShop/Low_Poly_Pixel_2D_Blocks_DevilsWorkShop_v04/Prefabs/assets_pixel_50x50/isometric_pixel_0158.prefab
  artifactKey: Guid(211bc4b147879a54d9238e1ffcc49359) Importer(815301076,1909f56bfc062723c751e8b465ee728b)
Start importing Assets/Assets_DevilsWorkShop/Low_Poly_Pixel_2D_Blocks_DevilsWorkShop_v04/Prefabs/assets_pixel_50x50/isometric_pixel_0158.prefab using Guid(211bc4b147879a54d9238e1ffcc49359) Importer(815301076,1909f56bfc062723c751e8b465ee728b)  -> (artifact id: 'ed22d34e4e8188bd3b0f2cd150418d2e') in 0.018635 seconds
Number of updated asset objects reloaded before import = 0
Number of asset objects unloaded after import = 7
========================================================================
Received Import Request.
  Time since last request: 0.645295 seconds.
  path: Assets/Assets_DevilsWorkShop/Low_Poly_Pixel_2D_Blocks_DevilsWorkShop_v04/Prefabs/assets_pixel_50x50/isometric_pixel_0197.prefab
  artifactKey: Guid(8f48d8c9d5c52394b988b58e605f1c54) Importer(815301076,1909f56bfc062723c751e8b465ee728b)
Start importing Assets/Assets_DevilsWorkShop/Low_Poly_Pixel_2D_Blocks_DevilsWorkShop_v04/Prefabs/assets_pixel_50x50/isometric_pixel_0197.prefab using Guid(8f48d8c9d5c52394b988b58e605f1c54) Importer(815301076,1909f56bfc062723c751e8b465ee728b)  -> (artifact id: '89dab1d75bd274cc4e7c0dff2f562827') in 0.016866 seconds
Number of updated asset objects reloaded before import = 0
Number of asset objects unloaded after import = 7
========================================================================
Received Import Request.
  Time since last request: 0.000025 seconds.
  path: Assets/Assets_DevilsWorkShop/Low_Poly_Pixel_2D_Blocks_DevilsWorkShop_v04/Prefabs/assets_pixel_50x50/isometric_pixel_0201.prefab
  artifactKey: Guid(93bde4212af51694694fcebbdec5c68b) Importer(815301076,1909f56bfc062723c751e8b465ee728b)
Start importing Assets/Assets_DevilsWorkShop/Low_Poly_Pixel_2D_Blocks_DevilsWorkShop_v04/Prefabs/assets_pixel_50x50/isometric_pixel_0201.prefab using Guid(93bde4212af51694694fcebbdec5c68b) Importer(815301076,1909f56bfc062723c751e8b465ee728b)  -> (artifact id: '8f22270c19aafca90da13a1b355c3953') in 0.014407 seconds
Number of updated asset objects reloaded before import = 0
Number of asset objects unloaded after import = 7
========================================================================
Received Import Request.
  Time since last request: 0.000023 seconds.
  path: Assets/Assets_DevilsWorkShop/Low_Poly_Pixel_2D_Blocks_DevilsWorkShop_v04/Prefabs/assets_pixel_50x50/isometric_pixel_0205.prefab
  artifactKey: Guid(1d2bae8bb0b4a96439b368daa2bee17f) Importer(815301076,1909f56bfc062723c751e8b465ee728b)
Start importing Assets/Assets_DevilsWorkShop/Low_Poly_Pixel_2D_Blocks_DevilsWorkShop_v04/Prefabs/assets_pixel_50x50/isometric_pixel_0205.prefab using Guid(1d2bae8bb0b4a96439b368daa2bee17f) Importer(815301076,1909f56bfc062723c751e8b465ee728b)  -> (artifact id: 'f4ad85a83de392d3dae17ae972ca5c56') in 0.016089 seconds
Number of updated asset objects reloaded before import = 0
Number of asset objects unloaded after import = 7
========================================================================
Received Import Request.
  Time since last request: 0.000028 seconds.
  path: Assets/Assets_DevilsWorkShop/Low_Poly_Pixel_2D_Blocks_DevilsWorkShop_v04/Prefabs/assets_pixel_50x50/isometric_pixel_0209.prefab
  artifactKey: Guid(f6e694c73300215468a380c2f84d6fb9) Importer(815301076,1909f56bfc062723c751e8b465ee728b)
Start importing Assets/Assets_DevilsWorkShop/Low_Poly_Pixel_2D_Blocks_DevilsWorkShop_v04/Prefabs/assets_pixel_50x50/isometric_pixel_0209.prefab using Guid(f6e694c73300215468a380c2f84d6fb9) Importer(815301076,1909f56bfc062723c751e8b465ee728b)  -> (artifact id: 'e70e987766c36eb995ed35124f3653d0') in 0.056389 seconds
Number of updated asset objects reloaded before import = 0
Number of asset objects unloaded after import = 7
========================================================================
Received Import Request.
  Time since last request: 0.000061 seconds.
  path: Assets/Assets_DevilsWorkShop/Low_Poly_Pixel_2D_Blocks_DevilsWorkShop_v04/Prefabs/assets_pixel_50x50/isometric_pixel_0210.prefab
  artifactKey: Guid(5abbabbad0137984089d553e4c9b6fad) Importer(815301076,1909f56bfc062723c751e8b465ee728b)
Start importing Assets/Assets_DevilsWorkShop/Low_Poly_Pixel_2D_Blocks_DevilsWorkShop_v04/Prefabs/assets_pixel_50x50/isometric_pixel_0210.prefab using Guid(5abbabbad0137984089d553e4c9b6fad) Importer(815301076,1909f56bfc062723c751e8b465ee728b)  -> (artifact id: '60633da96611869f3b668e77e0ced065') in 0.017100 seconds
Number of updated asset objects reloaded before import = 0
Number of asset objects unloaded after import = 7
========================================================================
Received Import Request.
  Time since last request: 54.964946 seconds.
  path: Assets/Textures
  artifactKey: Guid(996506f9b1571304f8bd2bc89f6c691c) Importer(815301076,1909f56bfc062723c751e8b465ee728b)
Start importing Assets/Textures using Guid(996506f9b1571304f8bd2bc89f6c691c) Importer(815301076,1909f56bfc062723c751e8b465ee728b)  -> (artifact id: '423d1a4320a217f851ee17f9e641c4f6') in 0.001332 seconds
Number of updated asset objects reloaded before import = 0
Number of asset objects unloaded after import = 0
========================================================================
Received Import Request.
  Time since last request: 5.516816 seconds.
  path: Assets/Textures/block.jpg
  artifactKey: Guid(1c0cef5149347fd45a5b16d7189e106e) Importer(815301076,1909f56bfc062723c751e8b465ee728b)
Start importing Assets/Textures/block.jpg using Guid(1c0cef5149347fd45a5b16d7189e106e) Importer(815301076,1909f56bfc062723c751e8b465ee728b)  -> (artifact id: '7b305eb4a586691125a3d55e60111408') in 0.109770 seconds
Number of updated asset objects reloaded before import = 0
Number of asset objects unloaded after import = 2
========================================================================
Received Import Request.
  Time since last request: 14.478891 seconds.
  path: Assets/Materials/Enemy.mat
  artifactKey: Guid(63d9d1a010da8c24da7f26d14cc07a6f) Importer(815301076,1909f56bfc062723c751e8b465ee728b)
Start importing Assets/Materials/Enemy.mat using Guid(63d9d1a010da8c24da7f26d14cc07a6f) Importer(815301076,1909f56bfc062723c751e8b465ee728b)  -> (artifact id: '55a9ed6c9a033524cf91bda66b6dc944') in 0.075918 seconds
Number of updated asset objects reloaded before import = 0
Number of asset objects unloaded after import = 1
========================================================================
Received Import Request.
  Time since last request: 19.129351 seconds.
  path: Assets/Materials/block.mat
  artifactKey: Guid(22101bc9319d0ce46b88bc48390579d7) Importer(815301076,1909f56bfc062723c751e8b465ee728b)
Start importing Assets/Materials/block.mat using Guid(22101bc9319d0ce46b88bc48390579d7) Importer(815301076,1909f56bfc062723c751e8b465ee728b)  -> (artifact id: '2c2f3c7a2bd76f085647b4310236a12f') in 0.044952 seconds
Number of updated asset objects reloaded before import = 0
Number of asset objects unloaded after import = 2
========================================================================
Received Prepare
Begin MonoManager ReloadAssembly
Symbol file LoadedFromMemory doesn't match image C:\GameProject\Library\PackageCache\com.unity.visualscripting@1.8.0\Editor\VisualScripting.Core\Dependencies\YamlDotNet\Unity.VisualScripting.YamlDotNet.dll
Symbol file LoadedFromMemory doesn't match image C:\GameProject\Library\PackageCache\com.unity.visualscripting@1.8.0\Editor\VisualScripting.Core\Dependencies\DotNetZip\Unity.VisualScripting.IonicZip.dll
- Loaded All Assemblies, in  1.519 seconds
Refreshing native plugins compatible for Editor in 8.77 ms, found 3 plugins.
Native extension for WindowsStandalone target not found
Native extension for Android target not found
Native extension for WebGL target not found
Mono: successfully reloaded assembly
- Finished resetting the current domain, in  3.159 seconds
Domain Reload Profiling: 4665ms
	BeginReloadAssembly (292ms)
		ExecutionOrderSort (0ms)
		DisableScriptedObjects (7ms)
		BackupInstance (0ms)
		ReleaseScriptingObjects (0ms)
		CreateAndSetChildDomain (54ms)
	RebuildCommonClasses (64ms)
	RebuildNativeTypeToScriptingClass (21ms)
	initialDomainReloadingComplete (57ms)
	LoadAllAssembliesAndSetupDomain (1072ms)
		LoadAssemblies (627ms)
		RebuildTransferFunctionScriptingTraits (0ms)
		AnalyzeDomain (580ms)
			TypeCache.Refresh (568ms)
				TypeCache.ScanAssembly (547ms)
			ScanForSourceGeneratedMonoScriptInfo (0ms)
			ResolveRequiredComponents (12ms)
	FinalizeReload (3160ms)
		ReleaseScriptCaches (0ms)
		RebuildScriptCaches (0ms)
		SetupLoadedEditorAssemblies (913ms)
			LogAssemblyErrors (0ms)
			InitializePlatformSupportModulesInManaged (76ms)
			SetLoadedEditorAssemblies (12ms)
			RefreshPlugins (0ms)
			BeforeProcessingInitializeOnLoad (172ms)
			ProcessInitializeOnLoadAttributes (566ms)
			ProcessInitializeOnLoadMethodAttributes (50ms)
			AfterProcessingInitializeOnLoad (37ms)
			EditorAssembliesLoaded (0ms)
		ExecutionOrderSort2 (0ms)
		AwakeInstancesAfterBackupRestoration (21ms)
Refreshing native plugins compatible for Editor in 13.37 ms, found 3 plugins.
Preloading 0 native plugins for Editor in 0.00 ms.
Unloading 3061 Unused Serialized files (Serialized files now loaded: 0)
Unloading 22 unused Assets / (30.6 KB). Loaded Objects now: 3582.
Memory consumption went from 119.6 MB to 119.5 MB.
Total: 8.494500 ms (FindLiveObjects: 0.468100 ms CreateObjectMapping: 0.931700 ms MarkObjects: 7.007200 ms  DeleteObjects: 0.085100 ms)

Prepare: number of updated asset objects reloaded= 0
AssetImportParameters requested are different than current active one (requested -> active):
  custom:container-demuxer-ogg: 62fdf1f143b41e24485cea50d1cbac27 -> 
  custom:video-decoder-ogg-theora: a1e56fd34408186e4bbccfd4996cb3dc -> 
  custom:framework-win-MediaFoundation: 216162199b28c13a410421893ffa2e32 -> 
  custom:CustomObjectIndexerAttribute: 756ad292c208cfabdd7b50bc23989ffe -> 
  custom:scripting/monoscript/fileName/WayPointFollowe.cs: 949663213a22b79c9e94a6212d1975cb -> 
  custom:container-demuxer-webm: 4f35f7cbe854078d1ac9338744f61a02 -> 
  custom:container-muxer-webm: aa71ff27fc2769a1b78a27578f13a17b -> 
  custom:video-decoder-webm-vp8: 9c59270c3fd7afecdb556c50c9e8de78 -> 
  custom:AudioImporter_EditorPlatform: d09bf68614088b80899f8185d706f6e7 -> 
  custom:video-encoder-webm-vp8: eb34c28f22e8b96e1ab97ce403110664 -> 
  custom:audio-decoder-ogg-vorbis: bf7c407c2cedff20999df2af8eb42d56 -> 
  custom:audio-encoder-webm-vorbis: bf7c407c2cedff20999df2af8eb42d56 -> 
========================================================================
Received Import Request.
  Time since last request: 323.273235 seconds.
  path: Assets/Textures/minion-3d-model-with-textures-01.jpg
  artifactKey: Guid(4f9d172c520d16f4ead6b4974ebf3291) Importer(815301076,1909f56bfc062723c751e8b465ee728b)
Start importing Assets/Textures/minion-3d-model-with-textures-01.jpg using Guid(4f9d172c520d16f4ead6b4974ebf3291) Importer(815301076,1909f56bfc062723c751e8b465ee728b)  -> (artifact id: 'd3a1fd782cf428f7682d2bd84dcdac31') in 0.134224 seconds
Number of updated asset objects reloaded before import = 0
Number of asset objects unloaded after import = 2
========================================================================
Received Import Request.
  Time since last request: 166.028282 seconds.
  path: Assets/Materials/minion-3d-model-with-textures-01.mat
  artifactKey: Guid(23f44d430b1019f41920f3f076d3b11d) Importer(815301076,1909f56bfc062723c751e8b465ee728b)
Start importing Assets/Materials/minion-3d-model-with-textures-01.mat using Guid(23f44d430b1019f41920f3f076d3b11d) Importer(815301076,1909f56bfc062723c751e8b465ee728b)  -> (artifact id: '0bc32a0b35e9fe78b7565207e66336c3') in 0.112698 seconds
Number of updated asset objects reloaded before import = 0
Number of asset objects unloaded after import = 1
========================================================================
Received Import Request.
  Time since last request: 13.774339 seconds.
  path: Assets/Materials/Player.mat
  artifactKey: Guid(ba67792f550187c49a76b17b5b003e41) Importer(815301076,1909f56bfc062723c751e8b465ee728b)
Start importing Assets/Materials/Player.mat using Guid(ba67792f550187c49a76b17b5b003e41) Importer(815301076,1909f56bfc062723c751e8b465ee728b)  -> (artifact id: '13bd0942432575f1b8cb1d645e9600b5') in 0.012794 seconds
Number of updated asset objects reloaded before import = 0
Number of asset objects unloaded after import = 1
========================================================================
Received Prepare
Begin MonoManager ReloadAssembly
Symbol file LoadedFromMemory doesn't match image C:\GameProject\Library\PackageCache\com.unity.visualscripting@1.8.0\Editor\VisualScripting.Core\Dependencies\YamlDotNet\Unity.VisualScripting.YamlDotNet.dll
Symbol file LoadedFromMemory doesn't match image C:\GameProject\Library\PackageCache\com.unity.visualscripting@1.8.0\Editor\VisualScripting.Core\Dependencies\DotNetZip\Unity.VisualScripting.IonicZip.dll
- Loaded All Assemblies, in  1.522 seconds
Refreshing native plugins compatible for Editor in 14.07 ms, found 3 plugins.
Native extension for WindowsStandalone target not found
Native extension for Android target not found
Native extension for WebGL target not found
Mono: successfully reloaded assembly
- Finished resetting the current domain, in  2.638 seconds
Domain Reload Profiling: 4149ms
	BeginReloadAssembly (306ms)
		ExecutionOrderSort (0ms)
		DisableScriptedObjects (8ms)
		BackupInstance (0ms)
		ReleaseScriptingObjects (0ms)
		CreateAndSetChildDomain (58ms)
	RebuildCommonClasses (66ms)
	RebuildNativeTypeToScriptingClass (21ms)
	initialDomainReloadingComplete (67ms)
	LoadAllAssembliesAndSetupDomain (1049ms)
		LoadAssemblies (584ms)
		RebuildTransferFunctionScriptingTraits (0ms)
		AnalyzeDomain (619ms)
			TypeCache.Refresh (608ms)
				TypeCache.ScanAssembly (581ms)
			ScanForSourceGeneratedMonoScriptInfo (0ms)
			ResolveRequiredComponents (11ms)
	FinalizeReload (2640ms)
		ReleaseScriptCaches (0ms)
		RebuildScriptCaches (0ms)
		SetupLoadedEditorAssemblies (981ms)
			LogAssemblyErrors (0ms)
			InitializePlatformSupportModulesInManaged (86ms)
			SetLoadedEditorAssemblies (11ms)
			RefreshPlugins (0ms)
			BeforeProcessingInitializeOnLoad (189ms)
			ProcessInitializeOnLoadAttributes (608ms)
			ProcessInitializeOnLoadMethodAttributes (53ms)
			AfterProcessingInitializeOnLoad (35ms)
			EditorAssembliesLoaded (0ms)
		ExecutionOrderSort2 (0ms)
		AwakeInstancesAfterBackupRestoration (19ms)
Refreshing native plugins compatible for Editor in 14.46 ms, found 3 plugins.
Preloading 0 native plugins for Editor in 0.00 ms.
Unloading 3061 Unused Serialized files (Serialized files now loaded: 0)
Unloading 22 unused Assets / (30.7 KB). Loaded Objects now: 3585.
Memory consumption went from 119.6 MB to 119.5 MB.
Total: 6.570600 ms (FindLiveObjects: 0.926400 ms CreateObjectMapping: 0.377300 ms MarkObjects: 5.195300 ms  DeleteObjects: 0.070200 ms)

Prepare: number of updated asset objects reloaded= 0
AssetImportParameters requested are different than current active one (requested -> active):
  custom:container-demuxer-ogg: 62fdf1f143b41e24485cea50d1cbac27 -> 
  custom:video-decoder-ogg-theora: a1e56fd34408186e4bbccfd4996cb3dc -> 
  custom:framework-win-MediaFoundation: 216162199b28c13a410421893ffa2e32 -> 
  custom:CustomObjectIndexerAttribute: 756ad292c208cfabdd7b50bc23989ffe -> 
  custom:scripting/monoscript/fileName/WayPointFollowe.cs: 949663213a22b79c9e94a6212d1975cb -> 
  custom:container-demuxer-webm: 4f35f7cbe854078d1ac9338744f61a02 -> 
  custom:container-muxer-webm: aa71ff27fc2769a1b78a27578f13a17b -> 
  custom:video-decoder-webm-vp8: 9c59270c3fd7afecdb556c50c9e8de78 -> 
  custom:AudioImporter_EditorPlatform: d09bf68614088b80899f8185d706f6e7 -> 
  custom:video-encoder-webm-vp8: eb34c28f22e8b96e1ab97ce403110664 -> 
  custom:audio-decoder-ogg-vorbis: bf7c407c2cedff20999df2af8eb42d56 -> 
  custom:audio-encoder-webm-vorbis: bf7c407c2cedff20999df2af8eb42d56 -> 
========================================================================
Received Prepare
Begin MonoManager ReloadAssembly
Symbol file LoadedFromMemory doesn't match image C:\GameProject\Library\PackageCache\com.unity.visualscripting@1.8.0\Editor\VisualScripting.Core\Dependencies\YamlDotNet\Unity.VisualScripting.YamlDotNet.dll
Symbol file LoadedFromMemory doesn't match image C:\GameProject\Library\PackageCache\com.unity.visualscripting@1.8.0\Editor\VisualScripting.Core\Dependencies\DotNetZip\Unity.VisualScripting.IonicZip.dll
- Loaded All Assemblies, in  1.697 seconds
Refreshing native plugins compatible for Editor in 14.03 ms, found 3 plugins.
Native extension for WindowsStandalone target not found
Native extension for Android target not found
Native extension for WebGL target not found
Mono: successfully reloaded assembly
- Finished resetting the current domain, in  2.739 seconds
Domain Reload Profiling: 4422ms
	BeginReloadAssembly (282ms)
		ExecutionOrderSort (0ms)
		DisableScriptedObjects (9ms)
		BackupInstance (0ms)
		ReleaseScriptingObjects (0ms)
		CreateAndSetChildDomain (52ms)
	RebuildCommonClasses (70ms)
	RebuildNativeTypeToScriptingClass (23ms)
	initialDomainReloadingComplete (96ms)
	LoadAllAssembliesAndSetupDomain (1210ms)
		LoadAssemblies (589ms)
		RebuildTransferFunctionScriptingTraits (0ms)
		AnalyzeDomain (760ms)
			TypeCache.Refresh (742ms)
				TypeCache.ScanAssembly (715ms)
			ScanForSourceGeneratedMonoScriptInfo (0ms)
			ResolveRequiredComponents (18ms)
	FinalizeReload (2741ms)
		ReleaseScriptCaches (0ms)
		RebuildScriptCaches (0ms)
		SetupLoadedEditorAssemblies (961ms)
			LogAssemblyErrors (0ms)
			InitializePlatformSupportModulesInManaged (79ms)
			SetLoadedEditorAssemblies (12ms)
			RefreshPlugins (0ms)
			BeforeProcessingInitializeOnLoad (187ms)
			ProcessInitializeOnLoadAttributes (594ms)
			ProcessInitializeOnLoadMethodAttributes (53ms)
			AfterProcessingInitializeOnLoad (36ms)
			EditorAssembliesLoaded (0ms)
		ExecutionOrderSort2 (0ms)
		AwakeInstancesAfterBackupRestoration (21ms)
Refreshing native plugins compatible for Editor in 16.13 ms, found 3 plugins.
Preloading 0 native plugins for Editor in 0.00 ms.
Unloading 3062 Unused Serialized files (Serialized files now loaded: 0)
Unloading 22 unused Assets / (30.7 KB). Loaded Objects now: 3588.
Memory consumption went from 119.8 MB to 119.8 MB.
Total: 6.157900 ms (FindLiveObjects: 0.495700 ms CreateObjectMapping: 0.643600 ms MarkObjects: 4.938200 ms  DeleteObjects: 0.078900 ms)

Prepare: number of updated asset objects reloaded= 0
AssetImportParameters requested are different than current active one (requested -> active):
  custom:container-demuxer-ogg: 62fdf1f143b41e24485cea50d1cbac27 -> 
  custom:video-decoder-ogg-theora: a1e56fd34408186e4bbccfd4996cb3dc -> 
  custom:framework-win-MediaFoundation: 216162199b28c13a410421893ffa2e32 -> 
  custom:CustomObjectIndexerAttribute: 756ad292c208cfabdd7b50bc23989ffe -> 
  custom:scripting/monoscript/fileName/WayPointFollowe.cs: 949663213a22b79c9e94a6212d1975cb -> 
  custom:container-demuxer-webm: 4f35f7cbe854078d1ac9338744f61a02 -> 
  custom:container-muxer-webm: aa71ff27fc2769a1b78a27578f13a17b -> 
  custom:video-decoder-webm-vp8: 9c59270c3fd7afecdb556c50c9e8de78 -> 
  custom:AudioImporter_EditorPlatform: d09bf68614088b80899f8185d706f6e7 -> 
  custom:video-encoder-webm-vp8: eb34c28f22e8b96e1ab97ce403110664 -> 
  custom:audio-decoder-ogg-vorbis: bf7c407c2cedff20999df2af8eb42d56 -> 
  custom:audio-encoder-webm-vorbis: bf7c407c2cedff20999df2af8eb42d56 -> 
